-------------------------------------------------------------------------------
Test set: az.maqa.generics.CrudOperationsImplTest
-------------------------------------------------------------------------------
Tests run: 1, Failures: 0, Errors: 1, Skipped: 0, Time elapsed: 0.024 s <<< FAILURE! - in az.maqa.generics.CrudOperationsImplTest
testSave{Object}  Time elapsed: 0.019 s  <<< ERROR!
org.junit.jupiter.api.extension.ParameterResolutionException: No ParameterResolver registered for parameter [java.lang.Object object] in method [void az.maqa.generics.CrudOperationsImplTest.testSave(java.lang.Object)].

